2021-03-20 16:14:30 [scrapy.utils.log] INFO: Scrapy 2.4.1 started (bot: actor)
2021-03-20 16:14:30 [scrapy.utils.log] INFO: Versions: lxml 4.6.2.0, libxml2 2.9.10, cssselect 1.1.0, parsel 1.6.0, w3lib 1.22.0, Twisted 21.2.0, Python 3.8.2 (default, Aug 10 2020, 05:49:21) - [Clang 12.0.0 (clang-1200.0.31.1)], pyOpenSSL 20.0.1 (OpenSSL 1.1.1j  16 Feb 2021), cryptography 3.4.6, Platform macOS-11.2.1-x86_64-i386-64bit
2021-03-20 16:14:30 [scrapy.utils.log] DEBUG: Using reactor: twisted.internet.selectreactor.SelectReactor
2021-03-20 16:14:30 [scrapy.crawler] INFO: Overridden settings:
{'BOT_NAME': 'actor',
 'DOWNLOAD_DELAY': 2,
 'HTTPCACHE_ENABLED': True,
 'HTTPCACHE_IGNORE_HTTP_CODES': [301, 302],
 'LOG_FILE': 'output.log',
 'NEWSPIDER_MODULE': 'actor.spiders',
 'ROBOTSTXT_OBEY': True,
 'SPIDER_MODULES': ['actor.spiders'],
 'USER_AGENT': 'Mozilla/5.0 (X11; Linux i686) AppleWebKit/537.17 (KHTML, like '
               'Gecko) Chrome/24.0.1312.27 Safari/537.17'}
2021-03-20 16:14:30 [scrapy.extensions.telnet] INFO: Telnet Password: 897fae9b7fb4ec5a
2021-03-20 16:14:30 [scrapy.middleware] INFO: Enabled extensions:
['scrapy.extensions.corestats.CoreStats',
 'scrapy.extensions.telnet.TelnetConsole',
 'scrapy.extensions.memusage.MemoryUsage',
 'scrapy.extensions.logstats.LogStats']
2021-03-20 16:14:31 [scrapy.middleware] INFO: Enabled downloader middlewares:
['scrapy.downloadermiddlewares.robotstxt.RobotsTxtMiddleware',
 'scrapy.downloadermiddlewares.httpauth.HttpAuthMiddleware',
 'scrapy.downloadermiddlewares.downloadtimeout.DownloadTimeoutMiddleware',
 'scrapy.downloadermiddlewares.defaultheaders.DefaultHeadersMiddleware',
 'scrapy.downloadermiddlewares.useragent.UserAgentMiddleware',
 'scrapy.downloadermiddlewares.retry.RetryMiddleware',
 'scrapy.downloadermiddlewares.redirect.MetaRefreshMiddleware',
 'scrapy.downloadermiddlewares.httpcompression.HttpCompressionMiddleware',
 'scrapy.downloadermiddlewares.redirect.RedirectMiddleware',
 'scrapy_proxy_pool.middlewares.ProxyPoolMiddleware',
 'scrapy_proxy_pool.middlewares.BanDetectionMiddleware',
 'scrapy.downloadermiddlewares.cookies.CookiesMiddleware',
 'scrapy.downloadermiddlewares.httpproxy.HttpProxyMiddleware',
 'scrapy.downloadermiddlewares.stats.DownloaderStats',
 'scrapy.downloadermiddlewares.httpcache.HttpCacheMiddleware']
2021-03-20 16:14:31 [scrapy.middleware] INFO: Enabled spider middlewares:
['scrapy.spidermiddlewares.httperror.HttpErrorMiddleware',
 'scrapy.spidermiddlewares.offsite.OffsiteMiddleware',
 'scrapy.spidermiddlewares.referer.RefererMiddleware',
 'scrapy.spidermiddlewares.urllength.UrlLengthMiddleware',
 'scrapy.spidermiddlewares.depth.DepthMiddleware']
2021-03-20 16:14:31 [scrapy.middleware] INFO: Enabled item pipelines:
[]
2021-03-20 16:14:31 [scrapy.core.engine] INFO: Spider opened
2021-03-20 16:14:31 [scrapy.extensions.logstats] INFO: Crawled 0 pages (at 0 pages/min), scraped 0 items (at 0 items/min)
2021-03-20 16:14:31 [scrapy.extensions.httpcache] DEBUG: Using filesystem cache storage in /Users/apple/Downloads/actor-scrapy-executor-master/.scrapy/httpcache
2021-03-20 16:14:31 [scrapy.extensions.telnet] INFO: Telnet console listening on 127.0.0.1:6023
2021-03-20 16:14:31 [urllib3.connectionpool] DEBUG: Starting new HTTP connection (1): www.free-proxy-list.net:80
2021-03-20 16:14:31 [urllib3.connectionpool] DEBUG: http://www.free-proxy-list.net:80 "GET / HTTP/1.1" 301 None
2021-03-20 16:14:31 [urllib3.connectionpool] DEBUG: Starting new HTTPS connection (1): www.free-proxy-list.net:443
2021-03-20 16:14:31 [urllib3.connectionpool] DEBUG: https://www.free-proxy-list.net:443 "GET / HTTP/1.1" 301 None
2021-03-20 16:14:31 [urllib3.connectionpool] DEBUG: Starting new HTTP connection (1): free-proxy-list.net:80
2021-03-20 16:14:31 [urllib3.connectionpool] DEBUG: http://free-proxy-list.net:80 "GET / HTTP/1.1" 301 None
2021-03-20 16:14:31 [urllib3.connectionpool] DEBUG: Starting new HTTPS connection (1): free-proxy-list.net:443
2021-03-20 16:14:31 [urllib3.connectionpool] DEBUG: https://free-proxy-list.net:443 "GET / HTTP/1.1" 200 None
2021-03-20 16:14:32 [urllib3.connectionpool] DEBUG: Starting new HTTPS connection (1): www.sslproxies.org:443
2021-03-20 16:14:32 [urllib3.connectionpool] DEBUG: https://www.sslproxies.org:443 "GET / HTTP/1.1" 200 None
2021-03-20 16:14:32 [urllib3.connectionpool] DEBUG: Starting new HTTP connection (1): www.proxy-daily.com:80
2021-03-20 16:14:33 [urllib3.connectionpool] DEBUG: http://www.proxy-daily.com:80 "GET / HTTP/1.1" 301 None
2021-03-20 16:14:33 [urllib3.connectionpool] DEBUG: Starting new HTTPS connection (1): www.proxy-daily.com:443
2021-03-20 16:14:33 [urllib3.connectionpool] DEBUG: https://www.proxy-daily.com:443 "GET / HTTP/1.1" 301 None
2021-03-20 16:14:33 [urllib3.connectionpool] DEBUG: Starting new HTTPS connection (1): proxy-daily.com:443
2021-03-20 16:14:34 [urllib3.connectionpool] DEBUG: https://proxy-daily.com:443 "GET / HTTP/1.1" 200 None
2021-03-20 16:14:34 [chardet.charsetprober] DEBUG: EUC-JP Japanese prober hit error at byte 3652
2021-03-20 16:14:34 [chardet.charsetprober] DEBUG: GB2312 Chinese prober hit error at byte 3654
2021-03-20 16:14:34 [chardet.charsetprober] DEBUG: EUC-KR Korean prober hit error at byte 3652
2021-03-20 16:14:34 [chardet.charsetprober] DEBUG: CP949 Korean prober hit error at byte 3652
2021-03-20 16:14:34 [chardet.charsetprober] DEBUG: Big5 Chinese prober hit error at byte 3654
2021-03-20 16:14:34 [chardet.charsetprober] DEBUG: EUC-TW Taiwan prober hit error at byte 3652
2021-03-20 16:14:34 [chardet.charsetprober] DEBUG: utf-8  confidence = 0.87625
2021-03-20 16:14:34 [chardet.charsetprober] DEBUG: SHIFT_JIS Japanese confidence = 0.01
2021-03-20 16:14:34 [chardet.charsetprober] DEBUG: EUC-JP not active
2021-03-20 16:14:34 [chardet.charsetprober] DEBUG: GB2312 not active
2021-03-20 16:14:34 [chardet.charsetprober] DEBUG: EUC-KR not active
2021-03-20 16:14:34 [chardet.charsetprober] DEBUG: CP949 not active
2021-03-20 16:14:34 [chardet.charsetprober] DEBUG: Big5 not active
2021-03-20 16:14:34 [chardet.charsetprober] DEBUG: EUC-TW not active
2021-03-20 16:14:34 [chardet.charsetprober] DEBUG: windows-1251 Russian confidence = 0.01
2021-03-20 16:14:34 [chardet.charsetprober] DEBUG: KOI8-R Russian confidence = 0.01
2021-03-20 16:14:34 [chardet.charsetprober] DEBUG: ISO-8859-5 Russian confidence = 0.01
2021-03-20 16:14:34 [chardet.charsetprober] DEBUG: MacCyrillic Russian confidence = 0.0
2021-03-20 16:14:34 [chardet.charsetprober] DEBUG: IBM866 Russian confidence = 0.0
2021-03-20 16:14:34 [chardet.charsetprober] DEBUG: IBM855 Russian confidence = 0.01
2021-03-20 16:14:34 [chardet.charsetprober] DEBUG: ISO-8859-7 Greek confidence = 0.01
2021-03-20 16:14:34 [chardet.charsetprober] DEBUG: windows-1253 Greek confidence = 0.01
2021-03-20 16:14:34 [chardet.charsetprober] DEBUG: ISO-8859-5 Bulgarian confidence = 0.01
2021-03-20 16:14:34 [chardet.charsetprober] DEBUG: windows-1251 Bulgarian confidence = 0.01
2021-03-20 16:14:34 [chardet.charsetprober] DEBUG: TIS-620 Thai confidence = 0.01
2021-03-20 16:14:34 [chardet.charsetprober] DEBUG: ISO-8859-9 Turkish confidence = 0.5247557440224138
2021-03-20 16:14:34 [chardet.charsetprober] DEBUG: windows-1255 Hebrew confidence = 0.0
2021-03-20 16:14:34 [chardet.charsetprober] DEBUG: windows-1255 Hebrew confidence = 0.01
2021-03-20 16:14:34 [chardet.charsetprober] DEBUG: windows-1255 Hebrew confidence = 0.01
2021-03-20 16:14:34 [chardet.charsetprober] DEBUG: utf-8  confidence = 0.87625
2021-03-20 16:14:34 [chardet.charsetprober] DEBUG: SHIFT_JIS Japanese confidence = 0.01
2021-03-20 16:14:34 [chardet.charsetprober] DEBUG: EUC-JP not active
2021-03-20 16:14:34 [chardet.charsetprober] DEBUG: GB2312 not active
2021-03-20 16:14:34 [chardet.charsetprober] DEBUG: EUC-KR not active
2021-03-20 16:14:34 [chardet.charsetprober] DEBUG: CP949 not active
2021-03-20 16:14:34 [chardet.charsetprober] DEBUG: Big5 not active
2021-03-20 16:14:34 [chardet.charsetprober] DEBUG: EUC-TW not active
2021-03-20 16:14:34 [urllib3.connectionpool] DEBUG: Starting new HTTPS connection (1): www.us-proxy.org:443
2021-03-20 16:14:35 [urllib3.connectionpool] DEBUG: https://www.us-proxy.org:443 "GET / HTTP/1.1" 200 None
2021-03-20 16:14:35 [urllib3.connectionpool] DEBUG: Starting new HTTPS connection (1): free-proxy-list.net:443
2021-03-20 16:14:36 [urllib3.connectionpool] DEBUG: https://free-proxy-list.net:443 "GET /anonymous-proxy.html HTTP/1.1" 200 None
2021-03-20 16:14:36 [urllib3.connectionpool] DEBUG: Starting new HTTPS connection (1): free-proxy-list.net:443
2021-03-20 16:14:36 [urllib3.connectionpool] DEBUG: https://free-proxy-list.net:443 "GET /uk-proxy.html HTTP/1.1" 200 None
2021-03-20 16:14:36 [scrapy_proxy_pool.middlewares] DEBUG: [ProxyChoosen] http://149.28.43.184:8080
2021-03-20 16:14:36 [scrapy.core.engine] DEBUG: Crawled (200) <GET https://academic.oup.com/robots.txt> (referer: None) ['cached']
2021-03-20 16:14:36 [scrapy_proxy_pool.middlewares] DEBUG: [ProxyChoosen] http://54.237.18.106:80
2021-03-20 16:14:36 [scrapy.core.scraper] ERROR: Error downloading <GET https://academic.oup.com/eurheartj/issue/41/Supplement_2>
Traceback (most recent call last):
  File "/Users/apple/PycharmProjects/pythonProject2/pythonProject/venv/lib/python3.8/site-packages/twisted/internet/defer.py", line 1445, in _inlineCallbacks
    result = current_context.run(g.send, result)
  File "/Users/apple/PycharmProjects/pythonProject2/pythonProject/venv/lib/python3.8/site-packages/scrapy/core/downloader/middleware.py", line 55, in process_response
    response = yield deferred_from_coro(method(request=request, response=response, spider=spider))
  File "/Users/apple/PycharmProjects/pythonProject2/pythonProject/venv/lib/python3.8/site-packages/scrapy_proxy_pool/middlewares.py", line 287, in process_response
    ban = is_ban(request, response)
  File "/Users/apple/PycharmProjects/pythonProject2/pythonProject/venv/lib/python3.8/site-packages/scrapy_proxy_pool/policy.py", line 15, in response_is_ban
    if self.BANNED_PATTERN.search(response.text):
  File "/Users/apple/PycharmProjects/pythonProject2/pythonProject/venv/lib/python3.8/site-packages/scrapy/http/response/__init__.py", line 108, in text
    raise AttributeError("Response content isn't text")
AttributeError: Response content isn't text
2021-03-20 16:14:36 [scrapy.core.engine] INFO: Closing spider (finished)
2021-03-20 16:14:36 [scrapy.statscollectors] INFO: Dumping Scrapy stats:
{'downloader/request_bytes': 662,
 'downloader/request_count': 2,
 'downloader/request_method_count/GET': 2,
 'downloader/response_bytes': 108723,
 'downloader/response_count': 2,
 'downloader/response_status_count/200': 2,
 'elapsed_time_seconds': 5.831617,
 'finish_reason': 'finished',
 'finish_time': datetime.datetime(2021, 3, 20, 10, 44, 36, 869844),
 'httpcache/hit': 2,
 'log_count/DEBUG': 63,
 'log_count/ERROR': 1,
 'log_count/INFO': 10,
 'memusage/max': 55689216,
 'memusage/startup': 55689216,
 'response_received_count': 1,
 'robotstxt/request_count': 1,
 'robotstxt/response_count': 1,
 'robotstxt/response_status_count/200': 1,
 'scheduler/dequeued': 1,
 'scheduler/dequeued/memory': 1,
 'scheduler/enqueued': 1,
 'scheduler/enqueued/memory': 1,
 'start_time': datetime.datetime(2021, 3, 20, 10, 44, 31, 38227)}
2021-03-20 16:14:36 [scrapy.core.engine] INFO: Spider closed (finished)
